  Boid.cpp
d:\max maldonado\documents\max_iaproject\sandbox_project\sandbox_project\boid.cpp(66): warning C4244: 'argument': conversion from 'float' to 'int', possible loss of data
d:\max maldonado\documents\max_iaproject\sandbox_project\sandbox_project\boid.cpp(74): warning C4244: 'argument': conversion from 'float' to 'int', possible loss of data
d:\max maldonado\documents\max_iaproject\sandbox_project\sandbox_project\boid.cpp(114): warning C4244: 'argument': conversion from 'const int' to 'const float', possible loss of data
d:\max maldonado\documents\max_iaproject\sandbox_project\sandbox_project\boid.cpp(196): warning C4244: 'initializing': conversion from 'double' to 'float', possible loss of data
d:\max maldonado\documents\max_iaproject\sandbox_project\sandbox_project\boid.cpp(197): warning C4244: 'initializing': conversion from 'double' to 'float', possible loss of data
d:\max maldonado\documents\max_iaproject\sandbox_project\sandbox_project\boid.cpp(207): warning C4018: '>=': signed/unsigned mismatch
d:\max maldonado\documents\max_iaproject\sandbox_project\sandbox_project\boid.cpp(215): warning C4018: '>=': signed/unsigned mismatch
d:\max maldonado\documents\max_iaproject\sandbox_project\sandbox_project\boid.cpp(231): warning C4244: 'argument': conversion from 'const int' to 'const float', possible loss of data
d:\max maldonado\documents\max_iaproject\sandbox_project\sandbox_project\boid.cpp(239): warning C4244: 'argument': conversion from 'float' to 'unsigned int', possible loss of data
d:\max maldonado\documents\max_iaproject\sandbox_project\sandbox_project\boid.cpp(241): warning C4244: 'argument': conversion from 'float' to 'unsigned int', possible loss of data
d:\max maldonado\documents\max_iaproject\sandbox_project\sandbox_project\boid.cpp(242): warning C4244: 'argument': conversion from 'float' to 'unsigned int', possible loss of data
d:\max maldonado\documents\max_iaproject\sandbox_project\sandbox_project\boid.cpp(244): warning C4244: 'argument': conversion from 'float' to 'unsigned int', possible loss of data
d:\max maldonado\documents\max_iaproject\sandbox_project\sandbox_project\boid.cpp(257): warning C4018: '<': signed/unsigned mismatch
d:\max maldonado\documents\max_iaproject\sandbox_project\sandbox_project\boid.cpp(286): warning C4018: '<': signed/unsigned mismatch
d:\max maldonado\documents\max_iaproject\sandbox_project\sandbox_project\boid.cpp(289): warning C4244: 'argument': conversion from 'unsigned int' to 'const float', possible loss of data
d:\max maldonado\documents\max_iaproject\sandbox_project\sandbox_project\boid.cpp(295): warning C4018: '<': signed/unsigned mismatch
d:\max maldonado\documents\max_iaproject\sandbox_project\sandbox_project\boid.cpp(298): warning C4244: 'argument': conversion from 'unsigned int' to 'const float', possible loss of data
d:\max maldonado\documents\max_iaproject\sandbox_project\sandbox_project\boid.cpp(305): warning C4018: '<': signed/unsigned mismatch
  Sandbox_Project.vcxproj -> D:\Max Maldonado\Documents\Max_IAProject\Sandbox_Project\Debug\Sandbox_Project.exe
  Sandbox_Project.vcxproj -> D:\Max Maldonado\Documents\Max_IAProject\Sandbox_Project\Debug\Sandbox_Project.pdb (Full PDB)
