d:\max maldonado\documents\max_iaproject\sandbox_project\sandbox_project\debug\sandbox_project.pch
d:\max maldonado\documents\max_iaproject\sandbox_project\sandbox_project\debug\vc140.pdb
d:\max maldonado\documents\max_iaproject\sandbox_project\sandbox_project\debug\vc140.idb
d:\max maldonado\documents\max_iaproject\sandbox_project\sandbox_project\debug\stdafx.obj
d:\max maldonado\documents\max_iaproject\sandbox_project\sandbox_project\debug\gameobject.obj
d:\max maldonado\documents\max_iaproject\sandbox_project\sandbox_project\debug\gamescene.obj
d:\max maldonado\documents\max_iaproject\sandbox_project\sandbox_project\debug\idle.obj
d:\max maldonado\documents\max_iaproject\sandbox_project\sandbox_project\debug\interactivebutton.obj
d:\max maldonado\documents\max_iaproject\sandbox_project\sandbox_project\debug\menugm.obj
d:\max maldonado\documents\max_iaproject\sandbox_project\sandbox_project\debug\obstacle.obj
d:\max maldonado\documents\max_iaproject\sandbox_project\sandbox_project\debug\optionsscene.obj
d:\max maldonado\documents\max_iaproject\sandbox_project\sandbox_project\debug\puremenuscene.obj
d:\max maldonado\documents\max_iaproject\sandbox_project\sandbox_project\debug\rendobject.obj
d:\max maldonado\documents\max_iaproject\sandbox_project\sandbox_project\debug\sandbox_project.obj
d:\max maldonado\documents\max_iaproject\sandbox_project\sandbox_project\debug\scene.obj
d:\max maldonado\documents\max_iaproject\sandbox_project\sandbox_project\debug\sfmlapplication.obj
d:\max maldonado\documents\max_iaproject\sandbox_project\sandbox_project\debug\sfmlwindow.obj
d:\max maldonado\documents\max_iaproject\sandbox_project\sandbox_project\debug\soldier.obj
d:\max maldonado\documents\max_iaproject\sandbox_project\sandbox_project\debug\state.obj
d:\max maldonado\documents\max_iaproject\sandbox_project\sandbox_project\debug\tobase.obj
d:\max maldonado\documents\max_iaproject\sandbox_project\sandbox_project\debug\vector3.obj
d:\max maldonado\documents\max_iaproject\sandbox_project\sandbox_project\debug\windowapp.obj
d:\max maldonado\documents\max_iaproject\sandbox_project\sandbox_project\debug\windowtime.obj
d:\max maldonado\documents\max_iaproject\sandbox_project\sandbox_project\debug\world.obj
d:\max maldonado\documents\max_iaproject\sandbox_project\sandbox_project\debug\application.obj
d:\max maldonado\documents\max_iaproject\sandbox_project\sandbox_project\debug\attack.obj
d:\max maldonado\documents\max_iaproject\sandbox_project\sandbox_project\debug\base.obj
d:\max maldonado\documents\max_iaproject\sandbox_project\sandbox_project\debug\boid.obj
d:\max maldonado\documents\max_iaproject\sandbox_project\sandbox_project\debug\boidstate.obj
d:\max maldonado\documents\max_iaproject\sandbox_project\sandbox_project\debug\defendleader.obj
d:\max maldonado\documents\max_iaproject\sandbox_project\sandbox_project\debug\flag.obj
d:\max maldonado\documents\max_iaproject\sandbox_project\sandbox_project\debug\fsm.obj
d:\max maldonado\documents\max_iaproject\sandbox_project\debug\sandbox_project.ilk
d:\max maldonado\documents\max_iaproject\sandbox_project\debug\sandbox_project.exe
d:\max maldonado\documents\max_iaproject\sandbox_project\debug\sandbox_project.pdb
d:\max maldonado\documents\max_iaproject\sandbox_project\sandbox_project\debug\sandbox_project.res
d:\max maldonado\documents\max_iaproject\sandbox_project\sandbox_project\debug\sandbox_project.tlog\cl.command.1.tlog
d:\max maldonado\documents\max_iaproject\sandbox_project\sandbox_project\debug\sandbox_project.tlog\cl.read.1.tlog
d:\max maldonado\documents\max_iaproject\sandbox_project\sandbox_project\debug\sandbox_project.tlog\cl.write.1.tlog
d:\max maldonado\documents\max_iaproject\sandbox_project\sandbox_project\debug\sandbox_project.tlog\link.command.1.tlog
d:\max maldonado\documents\max_iaproject\sandbox_project\sandbox_project\debug\sandbox_project.tlog\link.read.1.tlog
d:\max maldonado\documents\max_iaproject\sandbox_project\sandbox_project\debug\sandbox_project.tlog\link.write.1.tlog
d:\max maldonado\documents\max_iaproject\sandbox_project\sandbox_project\debug\sandbox_project.tlog\rc.command.1.tlog
d:\max maldonado\documents\max_iaproject\sandbox_project\sandbox_project\debug\sandbox_project.tlog\rc.read.1.tlog
d:\max maldonado\documents\max_iaproject\sandbox_project\sandbox_project\debug\sandbox_project.tlog\rc.write.1.tlog
